<?xml version="1.0" encoding="UTF-8"?>
<!-- Generated by org.testng.reporters.JUnitReportReporter -->
<testsuite hostname="LAPTOP-H6584H79" failures="0" tests="1" name="rozana.faceBook" time="0.006" errors="0" timestamp="2023-09-24T21:55:22 CDT" skipped="0">
  <testcase classname="rozana.faceBook" name="f" time="0.006"/>
  <system-out/>
</testsuite> <!-- rozana.faceBook -->
