<?xml version="1.0" encoding="UTF-8"?>
<!-- Generated by org.testng.reporters.JUnitReportReporter -->
<testsuite hostname="LAPTOP-H6584H79" failures="0" tests="1" name="selenium2.Calender_drp" time="20.202" errors="0" timestamp="2023-12-06T21:46:49 CST" skipped="0">
  <testcase classname="selenium2.Calender_drp" name="f" time="20.202"/>
</testsuite> <!-- selenium2.Calender_drp -->
