<?xml version="1.0" encoding="UTF-8"?>
<!-- Generated by org.testng.reporters.JUnitReportReporter -->
<testsuite hostname="LAPTOP-H6584H79" failures="0" tests="1" name="selenium2.ADropdown" time="33.517" errors="0" timestamp="2023-11-05T18:04:25 CST" skipped="0">
  <testcase classname="selenium2.ADropdown" name="f" time="33.517"/>
  <system-out/>
</testsuite> <!-- selenium2.ADropdown -->
