<?xml version="1.0" encoding="UTF-8"?>
<!-- Generated by org.testng.reporters.JUnitReportReporter -->
<testsuite hostname="LAPTOP-H6584H79" failures="0" tests="1" name="selenium2.Bootstrap" time="20.274" errors="0" timestamp="2023-11-03T17:30:51 CDT" skipped="0">
  <testcase classname="selenium2.Bootstrap" name="f" time="20.274"/>
  <system-out/>
</testsuite> <!-- selenium2.Bootstrap -->
