<?xml version="1.0" encoding="UTF-8"?>
<!-- Generated by org.testng.reporters.JUnitReportReporter -->
<testsuite hostname="LAPTOP-H6584H79" failures="0" tests="1" name="rozana.Test1" time="16.866" errors="0" timestamp="2023-09-24T21:23:20 CDT" skipped="0">
  <testcase classname="rozana.Test1" name="demo" time="16.866"/>
  <system-out/>
</testsuite> <!-- rozana.Test1 -->
