<?xml version="1.0" encoding="UTF-8"?>
<!-- Generated by org.testng.reporters.JUnitReportReporter -->
<testsuite hostname="LAPTOP-H6584H79" failures="0" tests="1" name="rozana.NewTest" time="0.018" errors="0" timestamp="2023-08-28T19:00:54 CDT" skipped="0">
  <testcase classname="rozana.NewTest" name="googleTitleTest" time="0.018"/>
  <system-out/>
</testsuite> <!-- rozana.NewTest -->
