<?xml version="1.0" encoding="UTF-8"?>
<!-- Generated by org.testng.reporters.JUnitReportReporter -->
<testsuite hostname="LAPTOP-H6584H79" failures="0" tests="1" name="selenium2.Verify_error_message" time="18.870" errors="0" timestamp="2023-12-05T08:09:56 CST" skipped="0">
  <testcase classname="selenium2.Verify_error_message" name="error" time="18.870"/>
</testsuite> <!-- selenium2.Verify_error_message -->
