<?xml version="1.0" encoding="UTF-8"?>
<!-- Generated by org.testng.reporters.JUnitReportReporter -->
<testsuite hostname="LAPTOP-H6584H79" failures="0" tests="1" name="selenium2.ABootstrap" time="40.548" errors="0" timestamp="2023-11-06T20:46:31 CST" skipped="0">
  <testcase classname="selenium2.ABootstrap" name="f" time="40.548"/>
  <system-out/>
</testsuite> <!-- selenium2.ABootstrap -->
