<?xml version="1.0" encoding="UTF-8"?>
<!-- Generated by org.testng.reporters.JUnitReportReporter -->
<testsuite hostname="LAPTOP-H6584H79" failures="0" tests="2" name="exercise.DataProviderClass" time="64.582" errors="0" timestamp="2024-01-15T17:47:53 CST" skipped="0">
  <testcase classname="exercise.DataProviderClass" name="loginData" time="22.489"/>
  <testcase classname="exercise.DataProviderClass" name="loginData" time="42.093"/>
</testsuite> <!-- exercise.DataProviderClass -->
