<?xml version="1.0" encoding="UTF-8"?>
<!-- Generated by org.testng.reporters.JUnitReportReporter -->
<testsuite hostname="LAPTOP-H6584H79" failures="0" tests="1" name="listener.ScreenshotClass" time="13.598" errors="0" timestamp="2023-10-05T18:06:01 CDT" skipped="0">
  <testcase classname="listener.ScreenshotClass" name="f" time="13.598"/>
  <system-out/>
</testsuite> <!-- listener.ScreenshotClass -->
