<?xml version="1.0" encoding="UTF-8"?>
<!-- Generated by org.testng.reporters.JUnitReportReporter -->
<testsuite hostname="LAPTOP-H6584H79" failures="0" tests="1" name="selenium2.BDynamicradiobutton" time="14.471" errors="0" timestamp="2023-12-04T21:28:10 CST" skipped="0">
  <testcase classname="selenium2.BDynamicradiobutton" name="f" time="14.471"/>
</testsuite> <!-- selenium2.BDynamicradiobutton -->
