<?xml version="1.0" encoding="UTF-8"?>
<!-- Generated by org.testng.reporters.JUnitReportReporter -->
<testsuite hostname="LAPTOP-H6584H79" failures="0" tests="1" name="selenium2.ADropdown2" time="25.388" errors="0" timestamp="2023-11-06T18:24:20 CST" skipped="0">
  <testcase classname="selenium2.ADropdown2" name="f" time="25.388"/>
  <system-out/>
</testsuite> <!-- selenium2.ADropdown2 -->
