<?xml version="1.0" encoding="UTF-8"?>
<!-- Generated by org.testng.reporters.JUnitReportReporter -->
<testsuite hostname="LAPTOP-H6584H79" failures="0" tests="1" name="selenium2.DCheckbox" time="15.795" errors="0" timestamp="2023-12-04T21:23:31 CST" skipped="0">
  <testcase classname="selenium2.DCheckbox" name="f" time="15.795"/>
</testsuite> <!-- selenium2.DCheckbox -->
