<?xml version="1.0" encoding="UTF-8"?>
<!-- Generated by org.testng.reporters.JUnitReportReporter -->
<testsuite hostname="LAPTOP-H6584H79" failures="0" tests="1" name="exercise.Suite_Test" time="0.006" errors="0" timestamp="2023-10-01T21:35:01 CDT" skipped="0">
  <testcase classname="exercise.Suite_Test" name="f" time="0.006"/>
  <system-out/>
</testsuite> <!-- exercise.Suite_Test -->
