<?xml version="1.0" encoding="UTF-8"?>
<!-- Generated by org.testng.reporters.JUnitReportReporter -->
<testsuite hostname="LAPTOP-H6584H79" failures="0" tests="1" name="exercise.DemoXpath" time="15.156" errors="0" timestamp="2023-10-17T11:21:24 CDT" skipped="0">
  <testcase classname="exercise.DemoXpath" name="f" time="15.156"/>
  <system-out/>
</testsuite> <!-- exercise.DemoXpath -->
